生成启动时间为 2017/8/24 22:40:44。
     1>项目“I:\where xy code\Project\Project\Project.vcxproj”在节点 2 上(Build 个目标)。
     1>CustomBuild:
         Moc'ing paintWindow.h...
     1>C:\Program Files (x86)\MSBuild\Microsoft.Cpp\v4.0\V120\Microsoft.CppBuild.targets(935,5): warning MSB8027: Two or more files with the name of moc_paintWindow.cpp will produce outputs to the same location. This can lead to an incorrect build result.  The files involved are GeneratedFiles\Debug\moc_paintWindow.cpp, GeneratedFiles\Release\moc_paintWindow.cpp.
     1>C:\Program Files (x86)\MSBuild\Microsoft.Cpp\v4.0\V120\Microsoft.CppBuild.targets(935,5): warning MSB8027: Two or more files with the name of moc_project.cpp will produce outputs to the same location. This can lead to an incorrect build result.  The files involved are GeneratedFiles\Debug\moc_project.cpp, GeneratedFiles\Release\moc_project.cpp.
       ClCompile:
         C:\Program Files (x86)\Microsoft Visual Studio 12.0\VC\bin\CL.exe /c /I.\GeneratedFiles /I. /II:\QT\5.6\msvc2013\include /I.\GeneratedFiles\Debug /II:\QT\5.6\msvc2013\include\QtCore /II:\QT\5.6\msvc2013\include\QtGui /II:\QT\5.6\msvc2013\include\QtWidgets /II:\QT\5.6\msvc2013\include\QtXml /Zi /nologo /W1 /WX- /Od /Oy- /D UNICODE /D WIN32 /D WIN64 /D QT_DLL /D QT_CORE_LIB /D QT_GUI_LIB /D QT_WIDGETS_LIB /Gm- /EHsc /MDd /GS /fp:precise /Zc:wchar_t /Zc:forScope /Fo"Debug\\" /Fd"Debug\vc120.pdb" /Gd /TP /analyze- /errorReport:prompt GeneratedFiles\Debug\moc_paintWindow.cpp GeneratedFiles\Debug\moc_project.cpp main.cpp paintWindow.cpp project.cpp
         moc_paintWindow.cpp
         moc_project.cpp
         main.cpp
         paintWindow.cpp
         project.cpp
         正在生成代码...
       Link:
         C:\Program Files (x86)\Microsoft Visual Studio 12.0\VC\bin\link.exe /ERRORREPORT:PROMPT /OUT:"I:\where xy code\Project\Win32\Debug\\Project.exe" /NOLOGO /LIBPATH:I:\QT\5.6\msvc2013\lib qtmaind.lib Qt5Cored.lib Qt5Guid.lib Qt5Widgetsd.lib Qt5Xmld.lib kernel32.lib user32.lib gdi32.lib winspool.lib comdlg32.lib advapi32.lib shell32.lib ole32.lib oleaut32.lib uuid.lib odbc32.lib odbccp32.lib /MANIFEST /MANIFESTUAC:"level='asInvoker' uiAccess='false'" /manifest:embed /DEBUG /PDB:"I:\where xy code\Project\Win32\Debug\Project.pdb" /SUBSYSTEM:WINDOWS /TLBID:1 /DYNAMICBASE /NXCOMPAT /IMPLIB:"I:\where xy code\Project\Win32\Debug\Project.lib" /MACHINE:X86 /SAFESEH Debug\complexPath.obj
         Debug\moc_paintWindow.obj
         Debug\moc_project.obj
         Debug\qrc_project.obj
         Debug\main.obj
         Debug\paintWindow.obj
         Debug\parseXml.obj
         Debug\project.obj
         Debug\readXml.obj
         Project.vcxproj -> I:\where xy code\Project\Win32\Debug\Project.exe
     1>已完成生成项目“I:\where xy code\Project\Project\Project.vcxproj”(Build 个目标)的操作。

生成成功。

已用时间 00:00:23.19
