e:\qt_vs\project\project\debug\vc120.pdb
e:\qt_vs\project\project\debug\qrc_project.obj
e:\qt_vs\project\project\debug\project.obj
e:\qt_vs\project\project\debug\main.obj
e:\qt_vs\project\project\debug\moc_project.obj
e:\qt_vs\project\project\generatedfiles\ui_project.h
e:\qt_vs\project\project\generatedfiles\qrc_project.cpp
e:\qt_vs\project\project\generatedfiles\debug\moc_project.cpp
e:\qt_vs\project\win32\debug\project.ilk
e:\qt_vs\project\win32\debug\project.exe
e:\qt_vs\project\win32\debug\project.pdb
e:\qt_vs\project\project\debug\project.tlog\cl.command.1.tlog
e:\qt_vs\project\project\debug\project.tlog\cl.read.1.tlog
e:\qt_vs\project\project\debug\project.tlog\cl.write.1.tlog
e:\qt_vs\project\project\debug\project.tlog\custombuild.command.1.tlog
e:\qt_vs\project\project\debug\project.tlog\custombuild.read.1.tlog
e:\qt_vs\project\project\debug\project.tlog\custombuild.write.1.tlog
e:\qt_vs\project\project\debug\project.tlog\link.command.1.tlog
e:\qt_vs\project\project\debug\project.tlog\link.read.1.tlog
e:\qt_vs\project\project\debug\project.tlog\link.write.1.tlog
