生成启动时间为 2017/8/9 17:08:56。
     1>项目“E:\qt_vs\Project\Project\Project.vcxproj”在节点 2 上(Build 个目标)。
     1>PrepareForBuild:
         正在创建目录“E:\qt_vs\Project\Win32\Release\”。
         正在创建目录“Release\Project.tlog\”。
       InitializeBuildStatus:
         正在创建“Release\Project.tlog\unsuccessfulbuild”，因为已指定“AlwaysCreate”。
       CustomBuild:
         Moc'ing project.h...
         Uic'ing project.ui...
         Moc'ing paintWindow.h...
         Rcc'ing project.qrc...
     1>RCC : warning : No resources in 'E:\qt_vs\Project\Project\project.qrc'.
         
     1>C:\Program Files (x86)\MSBuild\Microsoft.Cpp\v4.0\V120\Microsoft.CppBuild.targets(935,5): warning MSB8027: Two or more files with the name of moc_paintWindow.cpp will produce outputs to the same location. This can lead to an incorrect build result.  The files involved are GeneratedFiles\Debug\moc_paintWindow.cpp, GeneratedFiles\Release\moc_paintWindow.cpp.
     1>C:\Program Files (x86)\MSBuild\Microsoft.Cpp\v4.0\V120\Microsoft.CppBuild.targets(935,5): warning MSB8027: Two or more files with the name of moc_project.cpp will produce outputs to the same location. This can lead to an incorrect build result.  The files involved are GeneratedFiles\Debug\moc_project.cpp, GeneratedFiles\Release\moc_project.cpp.
       ClCompile:
         E:\vs2013\VC\bin\CL.exe /c /I.\GeneratedFiles /I. /IE:\QT\5.6\msvc2013\include /I.\GeneratedFiles\Release /IE:\QT\5.6\msvc2013\include\QtCore /IE:\QT\5.6\msvc2013\include\QtGui /IE:\QT\5.6\msvc2013\include\QtWidgets /nologo /W1 /WX- /O2 /Oy- /D UNICODE /D WIN32 /D WIN64 /D QT_DLL /D QT_NO_DEBUG /D NDEBUG /D QT_CORE_LIB /D QT_GUI_LIB /D QT_WIDGETS_LIB /Gm- /EHsc /MD /GS /fp:precise /Zc:wchar_t /Zc:forScope /Fo"Release\\" /Fd"Release\vc120.pdb" /Gd /TP /analyze- /errorReport:prompt complexPath.cpp GeneratedFiles\Release\moc_paintWindow.cpp GeneratedFiles\Release\moc_project.cpp main.cpp paintWindow.cpp parseXml.cpp project.cpp readXml.cpp
         complexPath.cpp
     1>e:\qt_vs\project\project\head.h(8): fatal error C1083: 无法打开包括文件: “QtXml”: No such file or directory
         moc_paintWindow.cpp
     1>e:\qt_vs\project\project\head.h(8): fatal error C1083: 无法打开包括文件: “QtXml”: No such file or directory
         moc_project.cpp
     1>e:\qt_vs\project\project\head.h(8): fatal error C1083: 无法打开包括文件: “QtXml”: No such file or directory
         main.cpp
     1>e:\qt_vs\project\project\head.h(8): fatal error C1083: 无法打开包括文件: “QtXml”: No such file or directory
         paintWindow.cpp
     1>e:\qt_vs\project\project\head.h(8): fatal error C1083: 无法打开包括文件: “QtXml”: No such file or directory
         parseXml.cpp
     1>e:\qt_vs\project\project\head.h(8): fatal error C1083: 无法打开包括文件: “QtXml”: No such file or directory
         project.cpp
     1>e:\qt_vs\project\project\head.h(8): fatal error C1083: 无法打开包括文件: “QtXml”: No such file or directory
         readXml.cpp
     1>e:\qt_vs\project\project\head.h(8): fatal error C1083: 无法打开包括文件: “QtXml”: No such file or directory
         正在生成代码...
     1>已完成生成项目“E:\qt_vs\Project\Project\Project.vcxproj”(Build 个目标)的操作 - 失败。

生成失败。

已用时间 00:00:15.31
